[14:16:27.238] 
[14:16:27.240] ▷▶ Inspect Name(TPMS)
[14:16:27.245] 
[14:16:27.248] ▷ Communication_Open(000001A9794A0310)-> MakerID(HY) EcuID( LX3_BDC_MOBIS_1009001_F0 ) SystemID(tpms) Tidle(9999) P2Min(1000) AckCount(9999)
[14:16:27.340] Req : 07A0021003
[14:16:27.413] Res : 07A85003003201F4
[14:16:27.678] Communication_Open Result(SUCCESS)
[14:16:27.794] ▶ AuxFunction_Start NRC(000001A9794A0310)-> Aux : Index (12300), Param (0), Write Param ()
[14:16:27.850] Req(01): 07A00322C002
[14:16:27.969] Res    : 07A862C002FFFF00001855619D18599A02182D757C182D7578
[14:16:27.973] AuxFunction_Result (AUX_RESULT_OK) [1855619D,18599A02,182D757C,182D7578,]
[14:16:28.013] Complete Callback (000001A976A8776C)
[14:16:28.066] ▶ DTC Read_Start(000001A9794A0310)-> DTC Status(10)
[14:16:28.152] Req : 07A003190208
[14:16:28.324] Res : 07A8590208
[14:16:28.328] DTC Read_Result (SUCCESS) - DTC count(0) - 
[14:16:28.340] ▶ Communication_Close(000001A9794A0310)-> ( LX3_BDC_MOBIS_1009001_F0 )
[14:16:28.343] ▶ Close Working - TestingLog
[14:16:28.346] Req : 07A0021001
[14:16:28.403] Res : 07A85001003201F4
[14:16:28.427] Communication_Close Finish
[14:16:28.453] 
[14:16:28.456] ▷▶ Inspect Name(BDC)
[14:16:28.462] 
[14:16:28.465] ▷ Communication_Open(000001A9794A0310)-> MakerID(HY) EcuID( LX3_BDC_MOBIS_1009001_F0 ) SystemID(ibu) Tidle(9999) P2Min(1000) AckCount(9999)
[14:16:28.552] Req : 07A0021003
[14:16:28.601] Res : 07A85003003201F4
[14:16:28.860] Communication_Open Result(SUCCESS)
[14:16:28.871] ▶ AuxFunction_Start NRC(000001A9794A0310)-> Aux : Index (10000), Param (11), Write Param ()
[14:16:28.892] Req : 07A00322F187
[14:16:28.970] Res : 07A862F18739353430305039303130
[14:16:28.974] AuxFunction_Result (AUX_RESULT_OK) [95400P9010]
[14:16:29.007] Complete Callback (000001A976A8776C)
[14:16:29.146] ▶ AuxFunction_Start NRC(000001A9794A0310)-> Aux : Index (19510), Param (0), Write Param ()
[14:16:29.205] Req(00): 07A00322F102
[14:16:29.280] Res    : 07A862F1026237159D8E0E3A00
[14:16:29.284] AuxFunction_Result (AUX_RESULT_OK) [6237159D8E0E3A00]
[14:16:29.320] Complete Callback (000001A976A8776C)
[14:16:29.418] ▶ DTC Read_Start(000001A9794A0310)-> DTC Status(10)
[14:16:29.506] Req : 07A003190208
[14:16:29.689] Res : 07A8590208
[14:16:29.692] DTC Read_Result (SUCCESS) - DTC count(0) - 
[14:16:29.715] ▶ AuxFunction_Start NRC(000001A9794A0310)-> Aux : Index (50000), Param (2), Write Param ()
[14:16:29.772] Req(02): 07A00322F187
[14:16:29.850] Res    : 07A862F18739353430305039303130
[14:16:29.853] AuxFunction_Result (AUX_RESULT_OK) [95400P9010]
[14:16:29.888] Complete Callback (000001A976A8776C)
[14:16:29.983] ▶ AuxFunction_Start NRC(000001A9794A0310)-> Aux : Index (50000), Param (3), Write Param (F1B1)
[14:16:30.042] Req(03): 07A00322F1B1
[14:16:30.182] Res    : 07A862F1B132343647
[14:16:30.187] AuxFunction_Result (AUX_RESULT_OK) [246G]
[14:16:30.219] Complete Callback (000001A976A8776C)
[14:16:30.380] ▶ Communication_Close(000001A9794A0310)-> ( LX3_BDC_MOBIS_1009001_F0 )
[14:16:30.384] ▶ Close Working - TestingLog
[14:16:30.387] Req : 07A0021001
[14:16:30.477] Res : 07A85001003201F4
[14:16:30.543] Communication_Close Finish
[14:16:30.575] 
[14:16:30.579] ▷▶ Inspect Name(DAU)
[14:16:30.585] 
[14:16:30.589] ▷ Communication_Open(000001A9794A0310)-> MakerID(HY) EcuID( LX3_PWSW_KOSTAL_1000405_F0 ) SystemID(ac) Tidle(9999) P2Min(1000) AckCount(9999)
[14:16:30.651] Req : 07A1021003
[14:16:30.730] Res : 07A95003003201F4
[14:16:31.008] Communication_Open Result(SUCCESS)
[14:16:31.022] ▶ AuxFunction_Start NRC(000001A9794A0310)-> Aux : Index (10000), Param (11), Write Param ()
[14:16:31.040] Req : 07A10322F187
[14:16:31.122] Res : 07A962F18739333537315039303130
[14:16:31.126] AuxFunction_Result (AUX_RESULT_OK) [93571P9010]
[14:16:31.170] Complete Callback (000001A976A8776C)
[14:16:31.295] ▶ DTC Read_Start(000001A9794A0310)-> DTC Status(10)
[14:16:31.390] Req : 07A103190208
[14:16:31.453] Res : 07A95902D9
[14:16:31.457] DTC Read_Result (SUCCESS) - DTC count(0) - 
[14:16:31.470] ▶ Communication_Close(000001A9794A0310)-> ( LX3_PWSW_KOSTAL_1000405_F0 )
[14:16:31.475] ▶ Close Working - TestingLog
[14:16:31.479] Req : 07A1021001
[14:16:31.555] Res : 07A95001003201F4
[14:16:31.587] Communication_Close Finish
[14:16:31.623] 
[14:16:31.628] ▷▶ Inspect Name(SBW)
[14:16:31.634] 
[14:16:31.638] ▷ Communication_Open(000001A9794A0310)-> MakerID(HY) EcuID( LX3_SBW_LS_1004117_F0 ) SystemID(ac) Tidle(9999) P2Min(1000) AckCount(9999)
[14:16:31.697] Req : 07B6021003
[14:16:31.749] Res : 07BE5003003201F4
[14:16:32.006] Communication_Open Result(SUCCESS)
[14:16:32.022] ▶ AuxFunction_Start NRC(000001A9794A0310)-> Aux : Index (10000), Param (11), Write Param ()
[14:16:32.038] Req : 07B60322F187
[14:16:32.129] Res : 07BE62F18734363757305039313030
[14:16:32.134] AuxFunction_Result (AUX_RESULT_OK) [467W0P9100]
[14:16:32.170] Complete Callback (000001A976A8776C)
[14:16:32.296] ▶ DTC Read_Start(000001A9794A0310)-> DTC Status(10)
[14:16:32.384] Req : 07B603190208
[14:16:32.447] Res : 07BE590209
[14:16:32.451] DTC Read_Result (SUCCESS) - DTC count(0) - 
[14:16:32.463] ▶ AuxFunction_Start NRC(000001A9794A0310)-> Aux : Index (50000), Param (2), Write Param ()
[14:16:32.524] Req(02): 07B60322F187
[14:16:32.609] Res    : 07BE62F18734363757305039313030
[14:16:32.613] AuxFunction_Result (AUX_RESULT_OK) [467W0P9100]
[14:16:32.655] Complete Callback (000001A976A8776C)
[14:16:32.737] ▶ AuxFunction_Start NRC(000001A9794A0310)-> Aux : Index (50000), Param (3), Write Param (F1B1)
[14:16:32.794] Req(03): 07B60322F1B1
[14:16:32.850] Res    : 07BE62F1B132353531
[14:16:32.854] AuxFunction_Result (AUX_RESULT_OK) [2551]
[14:16:32.894] Complete Callback (000001A976A8776C)
[14:16:33.032] ▶ Communication_Close(000001A9794A0310)-> ( LX3_SBW_LS_1004117_F0 )
[14:16:33.036] ▶ Close Working - TestingLog
[14:16:33.041] Req : 07B6021001
[14:16:33.099] Res : 07BE5001003201F4
[14:16:33.132] Communication_Close Finish
[14:16:33.171] 
[14:16:33.176] ▷▶ Inspect Name(IAU)
[14:16:33.185] 
[14:16:33.189] ▷ Communication_Open(000001A9794A0310)-> MakerID(HY) EcuID( LX3_BDC_MOBIS_1009001_F0 ) SystemID(mlm) Tidle(9999) P2Min(1000) AckCount(9999)
[14:16:33.287] Req : 07A0021003
[14:16:33.355] Res : 07A85003003201F4
[14:16:33.614] Communication_Open Result(SUCCESS)
[14:16:33.627] ▶ AuxFunction_Start NRC(000001A9794A0310)-> Aux : Index (10000), Param (11), Write Param ()
[14:16:33.646] Req : 07A00322F187
[14:16:33.721] Res : 07A862F18739353430305039303130
[14:16:33.727] AuxFunction_Result (AUX_RESULT_OK) [95400P9010]
[14:16:33.760] Complete Callback (000001A976A8776C)
[14:16:33.909] ▶ AuxFunction_Start NRC(000001A9794A0310)-> Aux : Index (10100), Param (0), Write Param ()
[14:16:33.961] Req(00): 07A00322F1A2
[14:16:34.065] Res    : 07A862F1A24B4D38524D455332385455303136393935
[14:16:34.069] AuxFunction_Result (AUX_RESULT_OK) [KM8RMES28TU016995]
[14:16:34.105] Complete Callback (000001A976A8776C)
[14:16:34.190] ▶ DTC Read_Start(000001A9794A0310)-> DTC Status(10)
[14:16:34.276] Req : 07A003190208
[14:16:34.441] Res : 07A8590208
[14:16:34.446] DTC Read_Result (SUCCESS) - DTC count(0) - 
[14:16:34.462] ▶ Communication_Close(000001A9794A0310)-> ( LX3_BDC_MOBIS_1009001_F0 )
[14:16:34.466] ▶ Close Working - TestingLog
[14:16:34.470] Req : 07A0021001
[14:16:34.543] Res : 07A85001003201F4
[14:16:34.589] Communication_Close Finish
[14:16:34.617] 
[14:16:34.621] ▷▶ Inspect Name(ADAS_DRV)
[14:16:34.627] 
[14:16:34.631] ▷ Communication_Open(000001A9794A0310)-> MakerID(HY) EcuID( LX3_ADAS-DRV_HL_1002707_F0 ) SystemID(mlm) Tidle(9999) P2Min(1000) AckCount(9999)
[14:16:34.710] Req : 0730021003
[14:16:34.789] Res : 07385003003201F4
[14:16:35.050] Communication_Open Result(SUCCESS)
[14:16:35.061] ▶ AuxFunction_Start NRC(000001A9794A0310)-> Aux : Index (10000), Param (11), Write Param ()
[14:16:35.082] Req : 07300322F187
[14:16:35.181] Res : 073862F18739393831305039303030
[14:16:35.185] AuxFunction_Result (AUX_RESULT_OK) [99810P9000]
[14:16:35.229] Complete Callback (000001A976A8776C)
[14:16:35.337] ▶ AuxFunction_Start NRC(000001A9794A0310)-> Aux : Index (19500), Param (0), Write Param ()
[14:16:35.401] Req(00): 07300322C0DE
[14:16:35.451] Res    : 073862C0DE2706C80E
[14:16:35.512] AuxFunction_Result (AUX_RESULT_OK) [2706C80E]
[14:16:35.548] Complete Callback (000001A976A8776C)
[14:16:35.607] ▶ DTC Read_Start(000001A9794A0310)-> DTC Status(10)
[14:16:35.703] Req : 073003190208
[14:16:35.765] Res : 0738590289
[14:16:35.769] DTC Read_Result (SUCCESS) - DTC count(0) - 
[14:16:35.784] ▶ AuxFunction_Start NRC(000001A9794A0310)-> Aux : Index (50000), Param (2), Write Param ()
[14:16:35.846] Req(02): 07300322F187
[14:16:35.928] Res    : 073862F18739393831305039303030
[14:16:35.933] AuxFunction_Result (AUX_RESULT_OK) [99810P9000]
[14:16:35.977] Complete Callback (000001A976A8776C)
[14:16:36.060] ▶ AuxFunction_Start NRC(000001A9794A0310)-> Aux : Index (50000), Param (3), Write Param (F1B1)
[14:16:36.117] Req(03): 07300322F1B1
[14:16:36.220] Res    : 073862F1B132353431303030
[14:16:36.225] AuxFunction_Result (AUX_RESULT_OK) [2541000]
[14:16:36.264] Complete Callback (000001A976A8776C)
[14:16:36.351] ▶ Communication_Close(000001A9794A0310)-> ( LX3_ADAS-DRV_HL_1002707_F0 )
[14:16:36.355] ▶ Close Working - TestingLog
[14:16:36.359] Req : 0730021001
[14:16:36.422] Res : 07385001003201F4
[14:16:36.463] Communication_Close Finish
[14:16:36.493] 
[14:16:36.497] ▷▶ Inspect Name(BLTN_CAM)
[14:16:36.503] 
[14:16:36.508] ▷ Communication_Open(000001A9794A0310)-> MakerID(HY) EcuID( LX3_BLTN-CAM_YURA_1007305_F0 ) SystemID(mlm) Tidle(9999) P2Min(1000) AckCount(0)
[14:16:36.585] Req : 0795021003
[14:16:36.660] Res : 079D5003003201F4
[14:16:37.001] Communication_Open Result(SUCCESS)
[14:16:37.016] ▶ AuxFunction_Start NRC(000001A9794A0310)-> Aux : Index (10000), Param (11), Write Param ()
[14:16:37.033] Req : 07950322F187
[14:16:37.137] Res : 079D62F18739353732305039313030
[14:16:37.143] AuxFunction_Result (AUX_RESULT_OK) [95720P9100]
[14:16:37.180] Complete Callback (000001A976A8776C)
[14:16:37.309] ▶ Current Data_Set(000001A9794A0310)-> (R12669)
[14:16:37.397] Req : 07950322A220
[14:16:37.577] Res : 079D62A22032344334323443310101017864878C01201371D10C02F702000000030000000000020000
[14:16:37.581] ▶ Current Data_Read (SUCCESS) -> [Equipped,]
[14:16:37.592] ▶ Current Data_Set(000001A9794A0310)-> (R12674)
[14:16:37.679] Req : 07950322A220
[14:16:37.836] Res : 079D62A22032344334323443310101017864878C01201371D10C02F702000000030000000000020000
[14:16:37.841] ▶ Current Data_Read (SUCCESS) -> [Charging,]
[14:16:37.861] ▶ DTC Read_Start(000001A9794A0310)-> DTC Status(10)
[14:16:37.949] Req : 079503190208
[14:16:38.017] Res : 079D590209
[14:16:38.021] DTC Read_Result (SUCCESS) - DTC count(0) - 
[14:16:38.035] ▶ AuxFunction_Start NRC(000001A9794A0310)-> Aux : Index (50000), Param (2), Write Param ()
[14:16:38.092] Req(02): 07950322F187
[14:16:38.198] Res    : 079D62F18739353732305039313030
[14:16:38.203] AuxFunction_Result (AUX_RESULT_OK) [95720P9100]
[14:16:38.240] Complete Callback (000001A976A8776C)
[14:16:38.304] ▶ AuxFunction_Start NRC(000001A9794A0310)-> Aux : Index (50000), Param (3), Write Param (F1B1)
[14:16:38.363] Req(03): 07950322F1B1
[14:16:38.474] Res    : 079D62F1B1323534312E30312E30312E37302E3230
[14:16:38.480] AuxFunction_Result (AUX_RESULT_OK) [2541.01.01.70.20]
[14:16:38.526] Complete Callback (000001A976A8776C)
[14:16:38.591] ▶ Communication_Close(000001A9794A0310)-> ( LX3_BLTN-CAM_YURA_1007305_F0 )
[14:16:38.595] ▶ Close Working - TestingLog
[14:16:38.599] Req : 0795021001
[14:16:38.691] Res : 079D5001003201F4
[14:16:38.720] Communication_Close Finish
[14:16:38.753] 
[14:16:38.758] ▷▶ Inspect Name(PSU_3RD)
[14:16:38.764] 
[14:16:38.768] ▷ Communication_Open(000001A9794A0310)-> MakerID(HY) EcuID( LX3_PFSU_TRANSYS_1006707_F0 ) SystemID(psu) Tidle(9999) P2Min(1000) AckCount(9999)
[14:16:38.846] Req : 0721021003
[14:16:38.921] Res : 07295003003201F4
[14:16:39.186] Communication_Open Result(SUCCESS)
[14:16:39.201] ▶ AuxFunction_Start NRC(000001A9794A0310)-> Aux : Index (10000), Param (11), Write Param ()
[14:16:39.218] Req : 07210322F187
[14:16:39.298] Res : 072962F18738393150395039303030
[14:16:39.303] AuxFunction_Result (AUX_RESULT_OK) [891P9P9000]
[14:16:39.350] Complete Callback (000001A976A8776C)
[14:16:39.474] ▶ DTC Read_Start(000001A9794A0310)-> DTC Status(10)
[14:16:39.567] Req : 072103190208
[14:16:39.624] Res : 0729590209
[14:16:39.629] DTC Read_Result (SUCCESS) - DTC count(0) - 
[14:16:39.652] ▶ AuxFunction_Start NRC(000001A9794A0310)-> Aux : Index (50000), Param (2), Write Param ()
[14:16:39.711] Req(02): 07210322F187
[14:16:39.781] Res    : 072962F18738393150395039303030
[14:16:39.787] AuxFunction_Result (AUX_RESULT_OK) [891P9P9000]
[14:16:39.825] Complete Callback (000001A976A8776C)
[14:16:39.921] ▶ AuxFunction_Start NRC(000001A9794A0310)-> Aux : Index (50000), Param (3), Write Param (F1B1)
[14:16:39.980] Req(03): 07210322F1B1
[14:16:40.058] Res    : 072962F1B13235333130
[14:16:40.063] AuxFunction_Result (AUX_RESULT_OK) [25310]
[14:16:40.093] Complete Callback (000001A976A8776C)
[14:16:40.214] ▶ Communication_Close(000001A9794A0310)-> ( LX3_PFSU_TRANSYS_1006707_F0 )
[14:16:40.218] ▶ Close Working - TestingLog
[14:16:40.223] Req : 0721021001
[14:16:40.283] Res : 07295001003201F4
[14:16:40.325] Communication_Close Finish
[14:16:40.355] 
[14:16:40.360] ▷▶ Inspect Name(DPSS)
[14:16:40.367] 
[14:16:40.371] ▷ Communication_Open(000001A9794A0310)-> MakerID(HY) EcuID( LX3_DPSS_TRANSYS_1006704_F0 ) SystemID(dpss) Tidle(9999) P2Min(1000) AckCount(9999)
[14:16:40.450] Req : 0751021003
[14:16:40.526] Res : 07595003003201F4
[14:16:40.789] Communication_Open Result(SUCCESS)
[14:16:40.801] ▶ AuxFunction_Start NRC(000001A9794A0310)-> Aux : Index (10000), Param (11), Write Param ()
[14:16:40.821] Req : 07510322F187
[14:16:40.916] Res : 075962F18738383037305039353530000000
[14:16:40.921] AuxFunction_Result (AUX_RESULT_OK) [88070P9550]
[14:16:40.968] Complete Callback (000001A976A8776C)
[14:16:41.077] ▶ DTC Read_Start(000001A9794A0310)-> DTC Status(10)
[14:16:41.169] Req : 075103190208
[14:16:41.246] Res : 0759590209
[14:16:41.250] DTC Read_Result (SUCCESS) - DTC count(0) - 
[14:16:41.263] ▶ Communication_Close(000001A9794A0310)-> ( LX3_DPSS_TRANSYS_1006704_F0 )
[14:16:41.268] ▶ Close Working - TestingLog
[14:16:41.271] Req : 0751021001
[14:16:41.356] Res : 07595001003201F4
[14:16:41.398] Communication_Close Finish
[14:16:41.436] 
[14:16:41.441] ▷▶ Inspect Name(DLBCU)
[14:16:41.448] 
[14:16:41.453] ▷ Communication_Open(000001A9794A0310)-> MakerID(HY) EcuID( LX3_DLBCU_TRANSYS_1006703_F0 ) SystemID(mlm) Tidle(9999) P2Min(1000) AckCount(9999)
[14:16:41.538] Req : 0752021003
[14:16:41.605] Res : 075A5003003201F4
[14:16:41.909] Communication_Open Result(SUCCESS)
[14:16:41.920] ▶ AuxFunction_Start NRC(000001A9794A0310)-> Aux : Index (10000), Param (11), Write Param ()
[14:16:41.941] Req : 07520322F187
[14:16:42.025] Res : 075A62F18738383334305039303130
[14:16:42.030] AuxFunction_Result (AUX_RESULT_OK) [88340P9010]
[14:16:42.072] Complete Callback (000001A976A8776C)
[14:16:42.200] ▶ DTC Read_Start(000001A9794A0310)-> DTC Status(10)
[14:16:42.288] Req : 075203190208
[14:16:42.369] Res : 075A590209
[14:16:42.374] DTC Read_Result (SUCCESS) - DTC count(0) - 
[14:16:42.391] ▶ AuxFunction_Start NRC(000001A9794A0310)-> Aux : Index (50000), Param (2), Write Param ()
[14:16:42.446] Req(02): 07520322F187
[14:16:42.519] Res    : 075A62F18738383334305039303130
[14:16:42.524] AuxFunction_Result (AUX_RESULT_OK) [88340P9010]
[14:16:42.562] Complete Callback (000001A976A8776C)
[14:16:42.660] ▶ AuxFunction_Start NRC(000001A9794A0310)-> Aux : Index (50000), Param (3), Write Param (F1B1)
[14:16:42.715] Req(03): 07520322F1B1
[14:16:42.801] Res    : 075A62F1B13235333130
[14:16:42.806] AuxFunction_Result (AUX_RESULT_OK) [25310]
[14:16:42.846] Complete Callback (000001A976A8776C)
[14:16:42.954] ▶ Communication_Close(000001A9794A0310)-> ( LX3_DLBCU_TRANSYS_1006703_F0 )
[14:16:42.958] ▶ Close Working - TestingLog
[14:16:42.962] Req : 0752021001
[14:16:43.040] Res : 075A5001003201F4
[14:16:43.087] Communication_Close Finish
[14:16:43.126] 
[14:16:43.131] ▷▶ Inspect Name(SHVU_F)
[14:16:43.139] 
[14:16:43.144] ▷ Communication_Open(000001A9794A0310)-> MakerID(HY) EcuID( LX3_SHVU-F_TRANSYS_1006712_F0 ) SystemID(shvu) Tidle(9999) P2Min(1000) AckCount(9999)
[14:16:43.246] Req : 0706021003
[14:16:43.320] Res : 070E5003003201F4
[14:16:43.583] Communication_Open Result(SUCCESS)
[14:16:43.597] ▶ AuxFunction_Start NRC(000001A9794A0310)-> Aux : Index (10000), Param (11), Write Param ()
[14:16:43.615] Req : 07060322F187
[14:16:43.695] Res : 070E62F18738383534305039303030
[14:16:43.700] AuxFunction_Result (AUX_RESULT_OK) [88540P9000]
[14:16:43.744] Complete Callback (000001A976A8776C)
[14:16:43.872] ▶ DTC Read_Start(000001A9794A0310)-> DTC Status(10)
[14:16:43.962] Req : 070603190208
[14:16:44.018] Res : 070E590209
[14:16:44.024] DTC Read_Result (SUCCESS) - DTC count(0) - 
[14:16:44.040] ▶ AuxFunction_Start NRC(000001A9794A0310)-> Aux : Index (50000), Param (2), Write Param ()
[14:16:44.105] Req(02): 07060322F187
[14:16:44.197] Res    : 070E62F18738383534305039303030
[14:16:44.203] AuxFunction_Result (AUX_RESULT_OK) [88540P9000]
[14:16:44.237] Complete Callback (000001A976A8776C)
[14:16:44.301] ▶ AuxFunction_Start NRC(000001A9794A0310)-> Aux : Index (50000), Param (3), Write Param (F1B1)
[14:16:44.360] Req(03): 07060322F1B1
[14:16:44.444] Res    : 070E62F1B13235333230
[14:16:44.449] AuxFunction_Result (AUX_RESULT_OK) [25320]
[14:16:44.492] Complete Callback (000001A976A8776C)
[14:16:44.589] ▶ Communication_Close(000001A9794A0310)-> ( LX3_SHVU-F_TRANSYS_1006712_F0 )
[14:16:44.594] ▶ Close Working - TestingLog
[14:16:44.598] Req : 0706021001
[14:16:44.668] Res : 070E5001003201F4
[14:16:44.703] Communication_Close Finish
[14:16:44.742] 
[14:16:44.746] ▷▶ Inspect Name(SHVU_R)
[14:16:44.753] 
[14:16:44.758] ▷ Communication_Open(000001A9794A0310)-> MakerID(HY) EcuID( LX3_SHVU-R_TRANSYS_1006713_F0 ) SystemID(shvu) Tidle(9999) P2Min(1000) AckCount(9999)
[14:16:44.846] Req : 0707021003
[14:16:44.914] Res : 070F5003003201F4
[14:16:45.214] Communication_Open Result(SUCCESS)
[14:16:45.225] ▶ AuxFunction_Start NRC(000001A9794A0310)-> Aux : Index (10000), Param (11), Write Param ()
[14:16:45.245] Req : 07070322F187
[14:16:45.325] Res : 070F62F18738394239305039303030
[14:16:45.330] AuxFunction_Result (AUX_RESULT_OK) [89B90P9000]
[14:16:45.376] Complete Callback (000001A976A8776C)
[14:16:45.502] ▶ DTC Read_Start(000001A9794A0310)-> DTC Status(10)
[14:16:45.591] Req : 070703190208
[14:16:45.664] Res : 070F590209
[14:16:45.669] DTC Read_Result (SUCCESS) - DTC count(0) - 
[14:16:45.689] ▶ AuxFunction_Start NRC(000001A9794A0310)-> Aux : Index (50000), Param (2), Write Param ()
[14:16:45.749] Req(02): 07070322F187
[14:16:45.845] Res    : 070F62F18738394239305039303030
[14:16:45.850] AuxFunction_Result (AUX_RESULT_OK) [89B90P9000]
[14:16:45.896] Complete Callback (000001A976A8776C)
[14:16:45.962] ▶ AuxFunction_Start NRC(000001A9794A0310)-> Aux : Index (50000), Param (3), Write Param (F1B1)
[14:16:46.020] Req(03): 07070322F1B1
[14:16:46.104] Res    : 070F62F1B13235333230
[14:16:46.109] AuxFunction_Result (AUX_RESULT_OK) [25320]
[14:16:46.150] Complete Callback (000001A976A8776C)
[14:16:46.255] ▶ Communication_Close(000001A9794A0310)-> ( LX3_SHVU-R_TRANSYS_1006713_F0 )
[14:16:46.260] ▶ Close Working - TestingLog
[14:16:46.265] Req : 0707021001
[14:16:46.330] Res : 070F5001003201F4
[14:16:46.363] Communication_Close Finish
[14:16:46.397] 
[14:16:46.401] ▷▶ Inspect Name(SHVU_3RD)
[14:16:46.408] 
[14:16:46.413] ▷ Communication_Open(000001A9794A0310)-> MakerID(HY) EcuID( LX3_SHVU_3RD_TRANSYS_1006732_F0 ) SystemID(shvu) Tidle(9999) P2Min(1000) AckCount(9999)
[14:16:46.475] Req : 17FF5200021003
[14:16:46.552] Res : 17FF00525003003201F4
[14:16:46.842] Communication_Open Result(SUCCESS)
[14:16:46.854] ▶ AuxFunction_Start NRC(000001A9794A0310)-> Aux : Index (10000), Param (11), Write Param ()
[14:16:46.873] Req : 17FF52000322F187
[14:16:46.956] Res : 17FF005262F18738394437315039303030
[14:16:46.962] AuxFunction_Result (AUX_RESULT_OK) [89D71P9000]
[14:16:47.005] Complete Callback (000001A976A8776C)
[14:16:47.134] ▶ DTC Read_Start(000001A9794A0310)-> DTC Status(10)
[14:16:47.220] Req : 17FF520003190208
[14:16:47.282] Res : 17FF0052590209
[14:16:47.287] DTC Read_Result (SUCCESS) - DTC count(0) - 
[14:16:47.301] ▶ AuxFunction_Start NRC(000001A9794A0310)-> Aux : Index (50000), Param (2), Write Param ()
[14:16:47.360] Req(02): 17FF52000322F187
[14:16:47.449] Res    : 17FF005262F18738394437315039303030
[14:16:47.455] AuxFunction_Result (AUX_RESULT_OK) [89D71P9000]
[14:16:47.491] Complete Callback (000001A976A8776C)
[14:16:47.572] ▶ AuxFunction_Start NRC(000001A9794A0310)-> Aux : Index (50000), Param (3), Write Param (F1B1)
[14:16:47.630] Req(03): 17FF52000322F1B1
[14:16:47.724] Res    : 17FF005262F1B13235333230
[14:16:47.729] AuxFunction_Result (AUX_RESULT_OK) [25320]
[14:16:47.765] Complete Callback (000001A976A8776C)
[14:16:47.865] ▶ Communication_Close(000001A9794A0310)-> ( LX3_SHVU_3RD_TRANSYS_1006732_F0 )
[14:16:47.869] ▶ Close Working - TestingLog
[14:16:47.874] Req : 17FF5200021001
[14:16:47.930] Res : 17FF00525001003201F4
[14:16:47.969] Communication_Close Finish
[14:16:48.001] 
[14:16:48.007] ▷▶ Inspect Name(WPC)
[14:16:48.014] 
[14:16:48.019] ▷ Communication_Open(000001A9794A0310)-> MakerID(HY) EcuID( LX3_WPC_MOBASE_1004003_F0 ) SystemID(ac) Tidle(9999) P2Min(1000) AckCount(9999)
[14:16:48.080] Req : 0725021003
[14:16:48.143] Res : 072D5003003201F4
[14:16:48.433] Communication_Open Result(SUCCESS)
[14:16:48.445] ▶ AuxFunction_Start NRC(000001A9794A0310)-> Aux : Index (10000), Param (11), Write Param ()
[14:16:48.464] Req : 07250322F187
[14:16:48.545] Res : 072D62F18739353536305039313030
[14:16:48.550] AuxFunction_Result (AUX_RESULT_OK) [95560P9100]
[14:16:48.593] Complete Callback (000001A976A8776C)
[14:16:48.720] ▶ DTC Read_Start(000001A9794A0310)-> DTC Status(10)
[14:16:48.810] Req : 072503190208
[14:16:48.870] Res : 072D590209
[14:16:48.874] DTC Read_Result (SUCCESS) - DTC count(0) - 
[14:16:48.890] ▶ AuxFunction_Start NRC(000001A9794A0310)-> Aux : Index (50000), Param (2), Write Param ()
[14:16:48.954] Req(02): 07250322F187
[14:16:49.077] Res    : 072D62F18739353536305039313030
[14:16:49.083] AuxFunction_Result (AUX_RESULT_OK) [95560P9100]
[14:16:49.115] Complete Callback (000001A976A8776C)
[14:16:49.258] ▶ AuxFunction_Start NRC(000001A9794A0310)-> Aux : Index (50000), Param (3), Write Param (F1B1)
[14:16:49.318] Req(03): 07250322F1B1
[14:16:49.404] Res    : 072D62F1B13235323130
[14:16:49.410] AuxFunction_Result (AUX_RESULT_OK) [25210]
[14:16:49.448] Complete Callback (000001A976A8776C)
[14:16:49.548] ▶ Communication_Close(000001A9794A0310)-> ( LX3_WPC_MOBASE_1004003_F0 )
[14:16:49.552] ▶ Close Working - TestingLog
[14:16:49.557] Req : 0725021001
[14:16:49.625] Res : 072D5001003201F4
[14:16:49.662] Communication_Close Finish
[14:16:49.697] 
[14:16:49.702] ▷▶ Inspect Name(ACU)
[14:16:49.709] 
[14:16:49.714] ▷ Communication_Open(000001A9794A0310)-> MakerID(HY) EcuID( LX3_ACU_VEONEER_1000303_F0 ) SystemID(abag) Tidle(9999) P2Min(1000) AckCount(9999)
[14:16:49.802] Req : 07D2021003
[14:16:49.879] Res : 07DA5003003201F4
[14:16:50.140] Communication_Open Result(SUCCESS)
[14:16:50.151] ▶ AuxFunction_Start NRC(000001A9794A0310)-> Aux : Index (10000), Param (11), Write Param ()
[14:16:50.172] Req : 07D20322F187
[14:16:50.256] Res : 07DA62F18739353931305039313030
[14:16:50.261] AuxFunction_Result (AUX_RESULT_OK) [95910P9100]
[14:16:50.303] Complete Callback (000001A976A8776C)
[14:16:50.429] ▶ AuxFunction_Start NRC(000001A9794A0310)-> Aux : Index (10000), Param (9), Write Param ()
[14:16:50.440] Req : 07D20322F102
[14:16:50.817] Res : 07DA62F1025039313030533538313133333730413645313944453436343837394545313944413844363437394344333944353036343932394144333937433039303432443636383534373636353336443636383136373645333632433845314142424437413537202020202020202020202020202020202020202020202020
[14:16:50.821] AuxFunction_Result (AUX_RESULT_OK) [P9100S58113370A6E19DE464879EE19DA8D6479CD39D5064929AD397C09042D66854766536D6681676E362C8E1ABBD7A57            ]
[14:16:50.853] Complete Callback (000001A976A8776C)
[14:16:50.935] ▶ DTC Read_Start(000001A9794A0310)-> DTC Status(10)
[14:16:51.023] Req : 07D203190208
[14:16:51.082] Res : 07DA59028997620089
[14:16:51.087] DTC Read_Result (SUCCESS) - DTC count(1) - B176200@A,
[14:16:51.110] ▶ AuxFunction_Start NRC(000001A9794A0310)-> Aux : Index (17300), Param (0), Write Param ()
[14:16:51.166] Req(00): 07D2061906976200FF
[14:16:51.256] Res    : 07DA590697620089FF01000700000020000000000000
[14:16:51.767] AuxFunction_Result (AUX_RESULT_OK) [07DA590697620089FF010007000000200000000000]
[14:16:51.802] Complete Callback (000001A976A8776C)
[14:16:51.955] ▶ AuxFunction_Start NRC(000001A9794A0310)-> Aux : Index (14100), Param (0), Write Param ()
[14:16:52.022] Req(00): 07D20322F101
[14:16:52.074] Res    : 07DA62F10120202020
[14:16:52.594] AuxFunction_Result (AUX_RESULT_OK) [    ]
[14:16:52.630] Complete Callback (000001A976A8776C)
[14:16:52.901] ▶ AuxFunction_Start NRC(000001A9794A0310)-> Aux : Index (50000), Param (2), Write Param ()
[14:16:52.958] Req(02): 07D20322F187
[14:16:53.055] Res    : 07DA62F18739353931305039313030
[14:16:53.059] AuxFunction_Result (AUX_RESULT_OK) [95910P9100]
[14:16:53.103] Complete Callback (000001A976A8776C)
[14:16:53.168] ▶ AuxFunction_Start NRC(000001A9794A0310)-> Aux : Index (50000), Param (3), Write Param (F1B1)
[14:16:53.226] Req(03): 07D20322F1B1
[14:16:53.323] Res    : 07DA62F1B132353432312E3031
[14:16:53.329] AuxFunction_Result (AUX_RESULT_OK) [25421.01]
[14:16:53.373] Complete Callback (000001A976A8776C)
[14:16:53.480] ▶ Communication_Close(000001A9794A0310)-> ( LX3_ACU_VEONEER_1000303_F0 )
[14:16:53.485] ▶ Close Working - TestingLog
[14:16:53.490] Req : 07D2021001
[14:16:53.557] Res : 07DA5001003201F4
[14:16:53.599] Communication_Close Finish
[14:16:53.631] 
[14:16:53.635] ▷▶ Inspect Name(ADAS_PRK)
[14:16:53.644] 
[14:16:53.648] ▷ Communication_Open(000001A9794A0310)-> MakerID(HY) EcuID( LX3_ADAS-PRK-MCU_MOBIS_1002805_F0 ) SystemID(prk) Tidle(9999) P2Min(1000) AckCount(9999)
[14:16:53.725] Req : 07B1021003
[14:16:53.810] Res : 07B95003003201F4
[14:16:54.078] Communication_Open Result(SUCCESS)
[14:16:54.096] ▶ AuxFunction_Start NRC(000001A9794A0310)-> Aux : Index (10000), Param (11), Write Param ()
[14:16:54.109] Req : 07B10322F187
[14:16:54.230] Res : 07B962F18739393931305039303030
[14:16:54.235] AuxFunction_Result (AUX_RESULT_OK) [99910P9000]
[14:16:54.272] Complete Callback (000001A976A8776C)
[14:16:54.389] ▶ AuxFunction_Start NRC(000001A9794A0310)-> Aux : Index (19500), Param (0), Write Param ()
[14:16:54.441] Req(00): 07B1032201E0
[14:16:54.531] Res    : 07B96201E010244645
[14:16:54.596] AuxFunction_Result (AUX_RESULT_OK) [10244645]
[14:16:54.633] Complete Callback (000001A976A8776C)
[14:16:54.771] ▶ DTC Read_Start(000001A9794A0310)-> DTC Status(10)
[14:16:54.865] Req : 07B103190208
[14:16:54.932] Res : 07B9590289
[14:16:54.938] DTC Read_Result (SUCCESS) - DTC count(0) - 
[14:16:54.955] ▶ AuxFunction_Start NRC(000001A9794A0310)-> Aux : Index (50000), Param (2), Write Param ()
[14:16:55.009] Req(02): 07B10322F187
[14:16:55.129] Res    : 07B962F18739393931305039303030
[14:16:55.133] AuxFunction_Result (AUX_RESULT_OK) [99910P9000]
[14:16:55.169] Complete Callback (000001A976A8776C)
[14:16:55.219] ▶ AuxFunction_Start NRC(000001A9794A0310)-> Aux : Index (50000), Param (3), Write Param (F1B1)
[14:16:55.278] Req(03): 07B10322F1B1
[14:16:55.371] Res    : 07B962F1B132353431
[14:16:55.376] AuxFunction_Result (AUX_RESULT_OK) [2541]
[14:16:55.408] Complete Callback (000001A976A8776C)
[14:16:55.511] ▶ Communication_Close(000001A9794A0310)-> ( LX3_ADAS-PRK-MCU_MOBIS_1002805_F0 )
[14:16:55.516] ▶ Close Working - TestingLog
[14:16:55.520] Req : 07B1021001
[14:16:55.601] Res : 07B95001003201F4
[14:16:55.635] Communication_Close Finish
[14:16:55.676] 
[14:16:55.681] ▷▶ Inspect Name(ADAS_PRK_V)
[14:16:55.688] 
[14:16:55.693] ▷ Communication_Open(000001A9794A0310)-> MakerID(HY) EcuID( LX3_ADAS-PRK-VPU_MOBIS_1002807_F0 ) SystemID(prk) Tidle(9999) P2Min(1000) AckCount(9999)
[14:16:55.761] Req : 0590021003
[14:16:55.821] Res : 05985003003201F4
[14:16:56.086] Communication_Open Result(SUCCESS)
[14:16:56.098] ▶ AuxFunction_Start NRC(000001A9794A0310)-> Aux : Index (10000), Param (11), Write Param ()
[14:16:56.118] Req : 05900322F187
[14:16:56.216] Res : 059862F18739393931305039303030
[14:16:56.222] AuxFunction_Result (AUX_RESULT_OK) [99910P9000]
[14:16:56.264] Complete Callback (000001A976A8776C)
[14:16:56.372] ▶ AuxFunction_Start NRC(000001A9794A0310)-> Aux : Index (50000), Param (2), Write Param ()
[14:16:56.434] Req(02): 05900322F187
[14:16:56.520] Res    : 059862F18739393931305039303030
[14:16:56.526] AuxFunction_Result (AUX_RESULT_OK) [99910P9000]
[14:16:56.563] Complete Callback (000001A976A8776C)
[14:16:56.645] ▶ AuxFunction_Start NRC(000001A9794A0310)-> Aux : Index (50000), Param (3), Write Param (F1B2)
[14:16:56.702] Req(03): 05900322F1B2
[14:16:56.753] Res    : 059862F1B232353431
[14:16:56.759] AuxFunction_Result (AUX_RESULT_OK) [2541]
[14:16:56.801] Complete Callback (000001A976A8776C)
[14:16:56.929] ▶ Communication_Close(000001A9794A0310)-> ( LX3_ADAS-PRK-VPU_MOBIS_1002807_F0 )
[14:16:56.933] ▶ Close Working - TestingLog
[14:16:56.938] Req : 0590021001
[14:16:57.002] Res : 05985001002801F4
[14:16:57.039] Communication_Close Finish
[14:16:57.071] 
[14:16:57.076] ▷▶ Inspect Name(FATC)
[14:16:57.083] 
[14:16:57.087] ▷ Communication_Open(000001A9794A0310)-> MakerID(HY) EcuID( LX3_ATCU_HANON_1003701_F0 ) SystemID(ac) Tidle(9999) P2Min(1000) AckCount(9999)
[14:16:57.165] Req : 07B3021003
[14:16:57.249] Res : 07BB5003003201F4
[14:16:57.536] Communication_Open Result(SUCCESS)
[14:16:57.548] ▶ AuxFunction_Start NRC(000001A9794A0310)-> Aux : Index (10000), Param (11), Write Param ()
[14:16:57.568] Req : 07B30322F187
[14:16:57.646] Res : 07BB62F18739373235355039323330
[14:16:57.651] AuxFunction_Result (AUX_RESULT_OK) [97255P9230]
[14:16:57.696] Complete Callback (000001A976A8776C)
[14:16:57.822] ▶ DTC Read_Start(000001A9794A0310)-> DTC Status(10)
[14:16:57.912] Req : 07B303190208
[14:16:57.972] Res : 07BB590289
[14:16:57.976] DTC Read_Result (SUCCESS) - DTC count(0) - 
[14:16:57.992] ▶ AuxFunction_Start NRC(000001A9794A0310)-> Aux : Index (50000), Param (2), Write Param ()
[14:16:58.052] Req(02): 07B30322F187
[14:16:58.136] Res    : 07BB62F18739373235355039323330
[14:16:58.142] AuxFunction_Result (AUX_RESULT_OK) [97255P9230]
[14:16:58.184] Complete Callback (000001A976A8776C)
[14:16:58.266] ▶ AuxFunction_Start NRC(000001A9794A0310)-> Aux : Index (50000), Param (3), Write Param (F1B1)
[14:16:58.321] Req(03): 07B30322F1B1
[14:16:58.435] Res    : 07BB62F1B1323533412E312E30332E3030
[14:16:58.441] AuxFunction_Result (AUX_RESULT_OK) [253A.1.03.00]
[14:16:58.484] Complete Callback (000001A976A8776C)
[14:16:58.549] ▶ Communication_Close(000001A9794A0310)-> ( LX3_ATCU_HANON_1003701_F0 )
[14:16:58.554] ▶ Close Working - TestingLog
[14:16:58.558] Req : 07B3021001
[14:16:58.623] Res : 07BB5001003201F4
[14:16:58.663] Communication_Close Finish
[14:16:58.697] 
[14:16:58.702] ▷▶ Inspect Name(RCM)
[14:16:58.709] 
[14:16:58.713] ▷ Communication_Open(000001A9794A0310)-> MakerID(HY) EcuID( LX3_RCM_DYAUTO_1009301_F0 ) SystemID(rcm) Tidle(9999) P2Min(1000) AckCount(9999)
[14:16:58.788] Req : 0592021003
[14:16:58.863] Res : 059A5003003201F4
[14:16:59.140] Communication_Open Result(SUCCESS)
[14:16:59.154] ▶ AuxFunction_Start NRC(000001A9794A0310)-> Aux : Index (10000), Param (11), Write Param ()
[14:16:59.171] Req : 05920322F187
[14:16:59.241] Res : 059A62F18738313650305039303030
[14:16:59.245] AuxFunction_Result (AUX_RESULT_OK) [816P0P9000]
[14:16:59.285] Complete Callback (000001A976A8776C)
[14:16:59.429] ▶ DTC Read_Start(000001A9794A0310)-> DTC Status(10)
[14:16:59.517] Req : 059203190208
[14:16:59.580] Res : 059A590209
[14:16:59.585] DTC Read_Result (SUCCESS) - DTC count(0) - 
[14:16:59.599] ▶ AuxFunction_Start NRC(000001A9794A0310)-> Aux : Index (50000), Param (2), Write Param ()
[14:16:59.659] Req(02): 05920322F187
[14:16:59.745] Res    : 059A62F18738313650305039303030
[14:16:59.750] AuxFunction_Result (AUX_RESULT_OK) [816P0P9000]
[14:16:59.788] Complete Callback (000001A976A8776C)
[14:16:59.869] ▶ AuxFunction_Start NRC(000001A9794A0310)-> Aux : Index (50000), Param (3), Write Param (F1B1)
[14:16:59.926] Req(03): 05920322F1B1
[14:16:59.993] Res    : 059A62F1B132353431
[14:16:59.998] AuxFunction_Result (AUX_RESULT_OK) [2541]
[14:17:00.040] Complete Callback (000001A976A8776C)
[14:17:00.155] ▶ AuxFunction_Start NRC(000001A9794A0310)-> Aux : Index (50000), Param (2), Write Param ()
[14:17:00.211] Req(02): 05920322F187
[14:17:00.296] Res    : 059A62F18738313650305039303030
[14:17:00.302] AuxFunction_Result (AUX_RESULT_OK) [816P0P9000]
[14:17:00.340] Complete Callback (000001A976A8776C)
[14:17:00.422] ▶ AuxFunction_Start NRC(000001A9794A0310)-> Aux : Index (50000), Param (3), Write Param (F1B2)
[14:17:00.478] Req(03): 05920322F1B2
[14:17:00.584] Res    : 059A62F1B232353431
[14:17:00.589] AuxFunction_Result (AUX_RESULT_OK) [2541]
[14:17:00.626] Complete Callback (000001A976A8776C)
[14:17:00.705] ▶ Communication_Close(000001A9794A0310)-> ( LX3_RCM_DYAUTO_1009301_F0 )
[14:17:00.710] ▶ Close Working - TestingLog
[14:17:00.715] Req : 0592021001
[14:17:00.787] Res : 059A5001003201F4
[14:17:00.819] Communication_Close Finish
[14:17:00.852] 
[14:17:00.858] ▷▶ Inspect Name(ICC)
[14:17:00.866] 
[14:17:00.872] ▷ Communication_Open(000001A9794A0310)-> MakerID(HY) EcuID( LX3_ICC_LG_1009501_F0 ) SystemID(icc) Tidle(9999) P2Min(1000) AckCount(9999)
[14:17:00.933] Req : 07B5021003
[14:17:01.013] Res : 07BD5003003201F4
[14:17:01.302] Communication_Open Result(SUCCESS)
[14:17:01.315] ▶ AuxFunction_Start NRC(000001A9794A0310)-> Aux : Index (10000), Param (11), Write Param ()
[14:17:01.334] Req : 07B50322F187
[14:17:01.410] Res : 07BD62F18739363532385039303230
[14:17:01.415] AuxFunction_Result (AUX_RESULT_OK) [96528P9020]
[14:17:01.447] Complete Callback (000001A976A8776C)
[14:17:01.587] ▶ DTC Read_Start(000001A9794A0310)-> DTC Status(10)
[14:17:01.681] Req : 07B503190208
[14:17:01.730] Res : 07BD590209
[14:17:01.735] DTC Read_Result (SUCCESS) - DTC count(0) - 
[14:17:01.749] ▶ AuxFunction_Start NRC(000001A9794A0310)-> Aux : Index (50000), Param (2), Write Param ()
[14:17:01.809] Req(02): 07B50322F187
[14:17:01.885] Res    : 07BD62F18739363532385039303230
[14:17:01.890] AuxFunction_Result (AUX_RESULT_OK) [96528P9020]
[14:17:01.923] Complete Callback (000001A976A8776C)
[14:17:02.022] ▶ AuxFunction_Start NRC(000001A9794A0310)-> Aux : Index (50000), Param (3), Write Param (F1B1)
[14:17:02.078] Req(03): 07B50322F1B1
[14:17:02.131] Res    : 07BD62F1B132353231
[14:17:02.137] AuxFunction_Result (AUX_RESULT_OK) [2521]
[14:17:02.179] Complete Callback (000001A976A8776C)
[14:17:02.306] ▶ Communication_Close(000001A9794A0310)-> ( LX3_ICC_LG_1009501_F0 )
[14:17:02.311] ▶ Close Working - TestingLog
[14:17:02.316] Req : 07B5021001
[14:17:02.380] Res : 07BD5001003201F4
[14:17:02.420] Communication_Close Finish
[14:17:02.455] 
[14:17:02.460] ▷▶ Inspect Name(RLPSU)
[14:17:02.467] 
[14:17:02.471] ▷ Communication_Open(000001A9794A0310)-> MakerID(HY) EcuID( LX3_RLPSU_TRANSYS_1006709_F0 ) SystemID(rlpsu) Tidle(9999) P2Min(300) AckCount(0)
[14:17:02.545] Req : 0732021003
[14:17:02.619] Res : 073A5003003201F4
[14:17:02.929] Communication_Open Result(SUCCESS)
[14:17:02.942] ▶ AuxFunction_Start NRC(000001A9794A0310)-> Aux : Index (10000), Param (11), Write Param ()
[14:17:02.961] Req : 07320322F187
[14:17:03.102] Res : 073A62F18738393150385039303030
[14:17:03.107] AuxFunction_Result (AUX_RESULT_OK) [891P8P9000]
[14:17:03.139] Complete Callback (000001A976A8776C)
[14:17:03.228] ▶ DTC Read_Start(000001A9794A0310)-> DTC Status(10)
[14:17:03.311] Req : 073203190208
[14:17:03.368] Res : 073A590209
[14:17:03.372] DTC Read_Result (SUCCESS) - DTC count(0) - 
[14:17:03.393] ▶ AuxFunction_Start NRC(000001A9794A0310)-> Aux : Index (50000), Param (2), Write Param ()
[14:17:03.452] Req(02): 07320322F187
[14:17:03.534] Res    : 073A62F18738393150385039303030
[14:17:03.539] AuxFunction_Result (AUX_RESULT_OK) [891P8P9000]
[14:17:03.583] Complete Callback (000001A976A8776C)
[14:17:03.671] ▶ AuxFunction_Start NRC(000001A9794A0310)-> Aux : Index (50000), Param (3), Write Param (F1B1)
[14:17:03.723] Req(03): 07320322F1B1
[14:17:03.824] Res    : 073A62F1B13235333130
[14:17:03.829] AuxFunction_Result (AUX_RESULT_OK) [25310]
[14:17:03.871] Complete Callback (000001A976A8776C)
[14:17:03.955] ▶ Communication_Close(000001A9794A0310)-> ( LX3_RLPSU_TRANSYS_1006709_F0 )
[14:17:03.960] ▶ Close Working - TestingLog
[14:17:03.965] Req : 0732021001
[14:17:04.026] Res : 073A5001003201F4
[14:17:04.064] Communication_Close Finish
[14:17:04.095] 
[14:17:04.099] ▷▶ Inspect Name(RRPSU)
[14:17:04.106] 
[14:17:04.111] ▷ Communication_Open(000001A9794A0310)-> MakerID(HY) EcuID( LX3_RRPSU_TRANSYS_1006708_F0 ) SystemID(rrpsu) Tidle(9999) P2Min(300) AckCount(0)
[14:17:04.189] Req : 0731021003
[14:17:04.265] Res : 07395003003201F4
[14:17:04.542] Communication_Open Result(SUCCESS)
[14:17:04.562] ▶ AuxFunction_Start NRC(000001A9794A0310)-> Aux : Index (10000), Param (11), Write Param ()
[14:17:04.574] Req : 07310322F187
[14:17:04.668] Res : 073962F18738393250385039303030
[14:17:04.673] AuxFunction_Result (AUX_RESULT_OK) [892P8P9000]
[14:17:04.719] Complete Callback (000001A976A8776C)
[14:17:04.846] ▶ DTC Read_Start(000001A9794A0310)-> DTC Status(10)
[14:17:04.935] Req : 073103190208
[14:17:04.993] Res : 0739590209
[14:17:04.998] DTC Read_Result (SUCCESS) - DTC count(0) - 
[14:17:05.013] ▶ AuxFunction_Start NRC(000001A9794A0310)-> Aux : Index (50000), Param (2), Write Param ()
[14:17:05.077] Req(02): 07310322F187
[14:17:05.163] Res    : 073962F18738393250385039303030
[14:17:05.169] AuxFunction_Result (AUX_RESULT_OK) [892P8P9000]
[14:17:05.209] Complete Callback (000001A976A8776C)
[14:17:05.272] ▶ AuxFunction_Start NRC(000001A9794A0310)-> Aux : Index (50000), Param (3), Write Param (F1B1)
[14:17:05.329] Req(03): 07310322F1B1
[14:17:05.426] Res    : 073962F1B13235333130
[14:17:05.430] AuxFunction_Result (AUX_RESULT_OK) [25310]
[14:17:05.477] Complete Callback (000001A976A8776C)
[14:17:05.573] ▶ Communication_Close(000001A9794A0310)-> ( LX3_RRPSU_TRANSYS_1006708_F0 )
[14:17:05.577] ▶ Close Working - TestingLog
[14:17:05.582] Req : 0731021001
[14:17:05.683] Res : 07395001003201F4
[14:17:05.722] Communication_Close Finish
